<?xml version='1.0' encoding='utf-8'?>
<testsuite hostname="maximx1-vm" name="util.StringUtilSpec" tests="9" errors="0" failures="0" skipped="0" time="0.186">
        <properties>
[...]
</properties>
        <testcase name="urlDecode should::decode encoded string to original string" classname="util.StringUtilSpec" time="0.387">
        
      </testcase><testcase name="sha1 should::generate SHA1 hash" classname="util.StringUtilSpec" time="0.054">
        
      </testcase><testcase name="escapeHtml should::escape &amp;, &lt;, &gt; and &quot;" classname="util.StringUtilSpec" time="0.352">
        
      </testcase><testcase name="extractIssueId should::returns Nil from message which does not contain #xxx" classname="util.StringUtilSpec" time="0.087">
        
      </testcase><testcase name="extractIssueId should::extract '#xxx' and return extracted id" classname="util.StringUtilSpec" time="0.091">
        
      </testcase><testcase name="extractCloseId should::extract 'close #xxx' and return extracted id" classname="util.StringUtilSpec" time="0.079">
        
      </testcase><testcase name="extractCloseId should::returns Nil from message which does not contain close command" classname="util.StringUtilSpec" time="0.038">
        
      </testcase><testcase name="md5 should::generate MD5 hash" classname="util.StringUtilSpec" time="0.357">
        
      </testcase><testcase name="splitWords should::split string by whitespaces" classname="util.StringUtilSpec" time="0.364">
        
      </testcase>
        <system-out></system-out>
        <system-err></system-err>
      </testsuite>